{"C:\\Users\\Administrator\\Desktop\\FSD\\CRMApp\\Utils\\notificationServiceClient.js": {"path":"C:\\Users\\Administrator\\Desktop\\FSD\\CRMApp\\Utils\\notificationServiceClient.js","statementMap":{"0":{"start":{"line":2,"column":13},"end":{"line":2,"column":47}},"1":{"start":{"line":3,"column":13},"end":{"line":3,"column":25}},"2":{"start":{"line":4,"column":30},"end":{"line":4,"column":93}},"3":{"start":{"line":6,"column":25},"end":{"line":23,"column":1}},"4":{"start":{"line":7,"column":20},"end":{"line":13,"column":5}},"5":{"start":{"line":14,"column":20},"end":{"line":14,"column":58}},"6":{"start":{"line":15,"column":16},"end":{"line":18,"column":5}},"7":{"start":{"line":19,"column":4},"end":{"line":22,"column":7}},"8":{"start":{"line":20,"column":8},"end":{"line":20,"column":26}},"9":{"start":{"line":21,"column":8},"end":{"line":21,"column":30}},"10":{"start":{"line":25,"column":0},"end":{"line":25,"column":33}}},"fnMap":{"0":{"name":"(anonymous_0)","decl":{"start":{"line":6,"column":25},"end":{"line":6,"column":26}},"loc":{"start":{"line":6,"column":84},"end":{"line":23,"column":1}},"line":6},"1":{"name":"(anonymous_1)","decl":{"start":{"line":19,"column":45},"end":{"line":19,"column":46}},"loc":{"start":{"line":19,"column":71},"end":{"line":22,"column":5}},"line":19}},"branchMap":{},"s":{"0":1,"1":1,"2":1,"3":1,"4":0,"5":0,"6":0,"7":0,"8":0,"9":0,"10":1},"f":{"0":0,"1":0},"b":{},"_coverageSchema":"1a1c01bbd47fc00a2c39e90264f33305004495a9","hash":"bf409527b2cee5a0b4d2118ae01d1d788dd297df"}
,"C:\\Users\\Administrator\\Desktop\\FSD\\CRMApp\\constants\\user.constant.js": {"path":"C:\\Users\\Administrator\\Desktop\\FSD\\CRMApp\\constants\\user.constant.js","statementMap":{"0":{"start":{"line":1,"column":18},"end":{"line":5,"column":1}},"1":{"start":{"line":7,"column":0},"end":{"line":7,"column":28}}},"fnMap":{},"branchMap":{},"s":{"0":3,"1":3},"f":{},"b":{},"_coverageSchema":"1a1c01bbd47fc00a2c39e90264f33305004495a9","hash":"e3d1472c172d685bbeee81b2e25e86b433db4b7e"}
,"C:\\Users\\Administrator\\Desktop\\FSD\\CRMApp\\controllers\\auth.controller.js": {"path":"C:\\Users\\Administrator\\Desktop\\FSD\\CRMApp\\controllers\\auth.controller.js","statementMap":{"0":{"start":{"line":1,"column":12},"end":{"line":1,"column":35}},"1":{"start":{"line":2,"column":20},"end":{"line":2,"column":55}},"2":{"start":{"line":3,"column":0},"end":{"line":3,"column":27}},"3":{"start":{"line":5,"column":0},"end":{"line":23,"column":1}},"4":{"start":{"line":6,"column":4},"end":{"line":22,"column":5}},"5":{"start":{"line":7,"column":23},"end":{"line":7,"column":61}},"6":{"start":{"line":10,"column":8},"end":{"line":16,"column":9}},"7":{"start":{"line":11,"column":12},"end":{"line":11,"column":29}},"8":{"start":{"line":12,"column":12},"end":{"line":12,"column":36}},"9":{"start":{"line":14,"column":12},"end":{"line":14,"column":29}},"10":{"start":{"line":15,"column":12},"end":{"line":15,"column":35}},"11":{"start":{"line":17,"column":8},"end":{"line":17,"column":45}},"12":{"start":{"line":19,"column":8},"end":{"line":21,"column":10}},"13":{"start":{"line":25,"column":0},"end":{"line":46,"column":1}},"14":{"start":{"line":26,"column":4},"end":{"line":45,"column":5}},"15":{"start":{"line":27,"column":23},"end":{"line":27,"column":61}},"16":{"start":{"line":30,"column":8},"end":{"line":41,"column":9}},"17":{"start":{"line":31,"column":12},"end":{"line":31,"column":29}},"18":{"start":{"line":32,"column":12},"end":{"line":32,"column":36}},"19":{"start":{"line":34,"column":12},"end":{"line":34,"column":29}},"20":{"start":{"line":35,"column":26},"end":{"line":35,"column":87}},"21":{"start":{"line":36,"column":12},"end":{"line":39,"column":14}},"22":{"start":{"line":42,"column":8},"end":{"line":42,"column":46}},"23":{"start":{"line":44,"column":8},"end":{"line":44,"column":33}}},"fnMap":{"0":{"name":"(anonymous_0)","decl":{"start":{"line":5,"column":17},"end":{"line":5,"column":18}},"loc":{"start":{"line":5,"column":36},"end":{"line":23,"column":1}},"line":5},"1":{"name":"(anonymous_1)","decl":{"start":{"line":25,"column":17},"end":{"line":25,"column":18}},"loc":{"start":{"line":25,"column":35},"end":{"line":46,"column":1}},"line":25}},"branchMap":{"0":{"loc":{"start":{"line":10,"column":8},"end":{"line":16,"column":9}},"type":"if","locations":[{"start":{"line":10,"column":8},"end":{"line":16,"column":9}},{"start":{"line":13,"column":13},"end":{"line":16,"column":9}}],"line":10},"1":{"loc":{"start":{"line":30,"column":8},"end":{"line":41,"column":9}},"type":"if","locations":[{"start":{"line":30,"column":8},"end":{"line":41,"column":9}},{"start":{"line":33,"column":13},"end":{"line":41,"column":9}}],"line":30}},"s":{"0":1,"1":1,"2":1,"3":1,"4":4,"5":4,"6":4,"7":1,"8":1,"9":3,"10":3,"11":4,"12":0,"13":1,"14":2,"15":2,"16":2,"17":1,"18":1,"19":1,"20":1,"21":1,"22":2,"23":0},"f":{"0":4,"1":2},"b":{"0":[1,3],"1":[1,1]},"_coverageSchema":"1a1c01bbd47fc00a2c39e90264f33305004495a9","hash":"be7ce2899137655b8a6bda4135265595cd3f45d2"}
,"C:\\Users\\Administrator\\Desktop\\FSD\\CRMApp\\controllers\\ticket.controller.js": {"path":"C:\\Users\\Administrator\\Desktop\\FSD\\CRMApp\\controllers\\ticket.controller.js","statementMap":{"0":{"start":{"line":1,"column":22},"end":{"line":1,"column":59}},"1":{"start":{"line":2,"column":20},"end":{"line":2,"column":55}},"2":{"start":{"line":4,"column":21},"end":{"line":18,"column":1}},"3":{"start":{"line":5,"column":4},"end":{"line":17,"column":5}},"4":{"start":{"line":6,"column":25},"end":{"line":6,"column":77}},"5":{"start":{"line":7,"column":8},"end":{"line":11,"column":9}},"6":{"start":{"line":8,"column":12},"end":{"line":8,"column":50}},"7":{"start":{"line":10,"column":12},"end":{"line":10,"column":42}},"8":{"start":{"line":14,"column":8},"end":{"line":16,"column":10}},"9":{"start":{"line":20,"column":22},"end":{"line":34,"column":1}},"10":{"start":{"line":21,"column":4},"end":{"line":33,"column":5}},"11":{"start":{"line":22,"column":25},"end":{"line":22,"column":69}},"12":{"start":{"line":23,"column":8},"end":{"line":27,"column":9}},"13":{"start":{"line":24,"column":12},"end":{"line":24,"column":48}},"14":{"start":{"line":26,"column":12},"end":{"line":26,"column":42}},"15":{"start":{"line":30,"column":8},"end":{"line":32,"column":10}},"16":{"start":{"line":36,"column":22},"end":{"line":54,"column":1}},"17":{"start":{"line":37,"column":4},"end":{"line":53,"column":5}},"18":{"start":{"line":38,"column":25},"end":{"line":38,"column":60}},"19":{"start":{"line":39,"column":8},"end":{"line":47,"column":9}},"20":{"start":{"line":40,"column":12},"end":{"line":42,"column":14}},"21":{"start":{"line":44,"column":12},"end":{"line":46,"column":14}},"22":{"start":{"line":50,"column":8},"end":{"line":52,"column":10}},"23":{"start":{"line":56,"column":30},"end":{"line":74,"column":1}},"24":{"start":{"line":57,"column":4},"end":{"line":73,"column":5}},"25":{"start":{"line":58,"column":25},"end":{"line":58,"column":78}},"26":{"start":{"line":59,"column":8},"end":{"line":67,"column":9}},"27":{"start":{"line":60,"column":12},"end":{"line":62,"column":14}},"28":{"start":{"line":64,"column":12},"end":{"line":66,"column":14}},"29":{"start":{"line":70,"column":8},"end":{"line":72,"column":10}},"30":{"start":{"line":76,"column":32},"end":{"line":94,"column":1}},"31":{"start":{"line":77,"column":4},"end":{"line":93,"column":5}},"32":{"start":{"line":78,"column":25},"end":{"line":78,"column":80}},"33":{"start":{"line":79,"column":8},"end":{"line":87,"column":9}},"34":{"start":{"line":80,"column":12},"end":{"line":82,"column":14}},"35":{"start":{"line":84,"column":12},"end":{"line":86,"column":14}},"36":{"start":{"line":90,"column":8},"end":{"line":92,"column":10}},"37":{"start":{"line":96,"column":25},"end":{"line":114,"column":1}},"38":{"start":{"line":97,"column":4},"end":{"line":113,"column":5}},"39":{"start":{"line":98,"column":25},"end":{"line":98,"column":93}},"40":{"start":{"line":99,"column":8},"end":{"line":107,"column":9}},"41":{"start":{"line":100,"column":12},"end":{"line":102,"column":14}},"42":{"start":{"line":104,"column":12},"end":{"line":106,"column":14}},"43":{"start":{"line":110,"column":8},"end":{"line":112,"column":10}},"44":{"start":{"line":116,"column":0},"end":{"line":118,"column":47}}},"fnMap":{"0":{"name":"(anonymous_0)","decl":{"start":{"line":4,"column":21},"end":{"line":4,"column":22}},"loc":{"start":{"line":4,"column":38},"end":{"line":18,"column":1}},"line":4},"1":{"name":"(anonymous_1)","decl":{"start":{"line":20,"column":22},"end":{"line":20,"column":23}},"loc":{"start":{"line":20,"column":39},"end":{"line":34,"column":1}},"line":20},"2":{"name":"(anonymous_2)","decl":{"start":{"line":36,"column":22},"end":{"line":36,"column":23}},"loc":{"start":{"line":36,"column":40},"end":{"line":54,"column":1}},"line":36},"3":{"name":"(anonymous_3)","decl":{"start":{"line":56,"column":30},"end":{"line":56,"column":31}},"loc":{"start":{"line":56,"column":48},"end":{"line":74,"column":1}},"line":56},"4":{"name":"(anonymous_4)","decl":{"start":{"line":76,"column":32},"end":{"line":76,"column":33}},"loc":{"start":{"line":76,"column":50},"end":{"line":94,"column":1}},"line":76},"5":{"name":"(anonymous_5)","decl":{"start":{"line":96,"column":25},"end":{"line":96,"column":26}},"loc":{"start":{"line":96,"column":43},"end":{"line":114,"column":1}},"line":96}},"branchMap":{"0":{"loc":{"start":{"line":7,"column":8},"end":{"line":11,"column":9}},"type":"if","locations":[{"start":{"line":7,"column":8},"end":{"line":11,"column":9}},{"start":{"line":9,"column":13},"end":{"line":11,"column":9}}],"line":7},"1":{"loc":{"start":{"line":23,"column":8},"end":{"line":27,"column":9}},"type":"if","locations":[{"start":{"line":23,"column":8},"end":{"line":27,"column":9}},{"start":{"line":25,"column":13},"end":{"line":27,"column":9}}],"line":23},"2":{"loc":{"start":{"line":39,"column":8},"end":{"line":47,"column":9}},"type":"if","locations":[{"start":{"line":39,"column":8},"end":{"line":47,"column":9}},{"start":{"line":43,"column":13},"end":{"line":47,"column":9}}],"line":39},"3":{"loc":{"start":{"line":59,"column":8},"end":{"line":67,"column":9}},"type":"if","locations":[{"start":{"line":59,"column":8},"end":{"line":67,"column":9}},{"start":{"line":63,"column":13},"end":{"line":67,"column":9}}],"line":59},"4":{"loc":{"start":{"line":79,"column":8},"end":{"line":87,"column":9}},"type":"if","locations":[{"start":{"line":79,"column":8},"end":{"line":87,"column":9}},{"start":{"line":83,"column":13},"end":{"line":87,"column":9}}],"line":79},"5":{"loc":{"start":{"line":99,"column":8},"end":{"line":107,"column":9}},"type":"if","locations":[{"start":{"line":99,"column":8},"end":{"line":107,"column":9}},{"start":{"line":103,"column":13},"end":{"line":107,"column":9}}],"line":99}},"s":{"0":1,"1":1,"2":1,"3":2,"4":2,"5":2,"6":1,"7":1,"8":0,"9":1,"10":2,"11":2,"12":2,"13":1,"14":1,"15":0,"16":1,"17":0,"18":0,"19":0,"20":0,"21":0,"22":0,"23":1,"24":0,"25":0,"26":0,"27":0,"28":0,"29":0,"30":1,"31":0,"32":0,"33":0,"34":0,"35":0,"36":0,"37":1,"38":0,"39":0,"40":0,"41":0,"42":0,"43":0,"44":1},"f":{"0":2,"1":2,"2":0,"3":0,"4":0,"5":0},"b":{"0":[1,1],"1":[1,1],"2":[0,0],"3":[0,0],"4":[0,0],"5":[0,0]},"_coverageSchema":"1a1c01bbd47fc00a2c39e90264f33305004495a9","hash":"000949b813070a7fd2f1906e52a5c9b713f1d61e"}
,"C:\\Users\\Administrator\\Desktop\\FSD\\CRMApp\\models\\ticket.model.js": {"path":"C:\\Users\\Administrator\\Desktop\\FSD\\CRMApp\\models\\ticket.model.js","statementMap":{"0":{"start":{"line":1,"column":17},"end":{"line":1,"column":36}},"1":{"start":{"line":2,"column":17},"end":{"line":2,"column":25}},"2":{"start":{"line":4,"column":21},"end":{"line":47,"column":2}},"3":{"start":{"line":49,"column":0},"end":{"line":49,"column":56}}},"fnMap":{},"branchMap":{},"s":{"0":3,"1":3,"2":3,"3":3},"f":{},"b":{},"_coverageSchema":"1a1c01bbd47fc00a2c39e90264f33305004495a9","hash":"34308933d45eb0c7c0aa887d9bcfb5ce79a52d38"}
,"C:\\Users\\Administrator\\Desktop\\FSD\\CRMApp\\models\\user.model.js": {"path":"C:\\Users\\Administrator\\Desktop\\FSD\\CRMApp\\models\\user.model.js","statementMap":{"0":{"start":{"line":1,"column":15},"end":{"line":1,"column":32}},"1":{"start":{"line":2,"column":17},"end":{"line":2,"column":36}},"2":{"start":{"line":3,"column":17},"end":{"line":3,"column":25}},"3":{"start":{"line":5,"column":19},"end":{"line":51,"column":2}},"4":{"start":{"line":52,"column":0},"end":{"line":56,"column":3}},"5":{"start":{"line":53,"column":27},"end":{"line":53,"column":61}},"6":{"start":{"line":54,"column":4},"end":{"line":54,"column":35}},"7":{"start":{"line":55,"column":4},"end":{"line":55,"column":11}},"8":{"start":{"line":58,"column":18},"end":{"line":58,"column":52}},"9":{"start":{"line":59,"column":0},"end":{"line":59,"column":27}}},"fnMap":{"0":{"name":"(anonymous_0)","decl":{"start":{"line":52,"column":23},"end":{"line":52,"column":24}},"loc":{"start":{"line":52,"column":38},"end":{"line":56,"column":1}},"line":52}},"branchMap":{},"s":{"0":3,"1":3,"2":3,"3":3,"4":3,"5":3,"6":3,"7":3,"8":3,"9":3},"f":{"0":3},"b":{},"_coverageSchema":"1a1c01bbd47fc00a2c39e90264f33305004495a9","hash":"2d32dee8d9de047fc180a6e16355d87c0e8a9408"}
,"C:\\Users\\Administrator\\Desktop\\FSD\\CRMApp\\services\\auth.service.js": {"path":"C:\\Users\\Administrator\\Desktop\\FSD\\CRMApp\\services\\auth.service.js","statementMap":{"0":{"start":{"line":1,"column":12},"end":{"line":1,"column":35}},"1":{"start":{"line":2,"column":0},"end":{"line":2,"column":27}},"2":{"start":{"line":4,"column":23},"end":{"line":11,"column":1}},"3":{"start":{"line":5,"column":4},"end":{"line":10,"column":7}},"4":{"start":{"line":6,"column":27},"end":{"line":6,"column":72}},"5":{"start":{"line":7,"column":8},"end":{"line":7,"column":28}},"6":{"start":{"line":9,"column":8},"end":{"line":9,"column":27}},"7":{"start":{"line":13,"column":0},"end":{"line":13,"column":34}}},"fnMap":{"0":{"name":"(anonymous_0)","decl":{"start":{"line":4,"column":23},"end":{"line":4,"column":24}},"loc":{"start":{"line":4,"column":33},"end":{"line":11,"column":1}},"line":4}},"branchMap":{},"s":{"0":1,"1":1,"2":1,"3":2,"4":2,"5":1,"6":1,"7":1},"f":{"0":2},"b":{},"_coverageSchema":"1a1c01bbd47fc00a2c39e90264f33305004495a9","hash":"c27e12326e7672702a408b06f06e923b2ddf2a0e"}
,"C:\\Users\\Administrator\\Desktop\\FSD\\CRMApp\\services\\ticket.service.js": {"path":"C:\\Users\\Administrator\\Desktop\\FSD\\CRMApp\\services\\ticket.service.js","statementMap":{"0":{"start":{"line":1,"column":15},"end":{"line":1,"column":48}},"1":{"start":{"line":2,"column":13},"end":{"line":2,"column":44}},"2":{"start":{"line":3,"column":20},"end":{"line":3,"column":45}},"3":{"start":{"line":4,"column":25},"end":{"line":4,"column":70}},"4":{"start":{"line":6,"column":21},"end":{"line":65,"column":1}},"5":{"start":{"line":7,"column":4},"end":{"line":64,"column":5}},"6":{"start":{"line":8,"column":35},"end":{"line":8,"column":120}},"7":{"start":{"line":9,"column":8},"end":{"line":15,"column":9}},"8":{"start":{"line":10,"column":12},"end":{"line":14,"column":13}},"9":{"start":{"line":16,"column":26},"end":{"line":25,"column":9}},"10":{"start":{"line":26,"column":31},"end":{"line":26,"column":61}},"11":{"start":{"line":27,"column":8},"end":{"line":59,"column":9}},"12":{"start":{"line":29,"column":33},"end":{"line":29,"column":112}},"13":{"start":{"line":30,"column":12},"end":{"line":34,"column":13}},"14":{"start":{"line":31,"column":16},"end":{"line":33,"column":17}},"15":{"start":{"line":35,"column":12},"end":{"line":42,"column":13}},"16":{"start":{"line":36,"column":33},"end":{"line":36,"column":111}},"17":{"start":{"line":37,"column":16},"end":{"line":41,"column":17}},"18":{"start":{"line":38,"column":20},"end":{"line":40,"column":21}},"19":{"start":{"line":43,"column":48},"end":{"line":49,"column":13}},"20":{"start":{"line":50,"column":12},"end":{"line":51,"column":138}},"21":{"start":{"line":53,"column":12},"end":{"line":53,"column":34}},"22":{"start":{"line":56,"column":12},"end":{"line":58,"column":13}},"23":{"start":{"line":62,"column":8},"end":{"line":62,"column":25}},"24":{"start":{"line":63,"column":8},"end":{"line":63,"column":27}},"25":{"start":{"line":67,"column":21},"end":{"line":82,"column":1}},"26":{"start":{"line":68,"column":4},"end":{"line":80,"column":5}},"27":{"start":{"line":69,"column":26},"end":{"line":69,"column":69}},"28":{"start":{"line":70,"column":8},"end":{"line":74,"column":9}},"29":{"start":{"line":71,"column":12},"end":{"line":73,"column":13}},"30":{"start":{"line":75,"column":8},"end":{"line":75,"column":24}},"31":{"start":{"line":78,"column":8},"end":{"line":78,"column":25}},"32":{"start":{"line":79,"column":8},"end":{"line":79,"column":27}},"33":{"start":{"line":84,"column":22},"end":{"line":93,"column":1}},"34":{"start":{"line":85,"column":4},"end":{"line":92,"column":5}},"35":{"start":{"line":86,"column":25},"end":{"line":86,"column":44}},"36":{"start":{"line":87,"column":8},"end":{"line":87,"column":24}},"37":{"start":{"line":90,"column":8},"end":{"line":90,"column":25}},"38":{"start":{"line":91,"column":8},"end":{"line":91,"column":27}},"39":{"start":{"line":95,"column":30},"end":{"line":104,"column":1}},"40":{"start":{"line":96,"column":4},"end":{"line":103,"column":5}},"41":{"start":{"line":97,"column":25},"end":{"line":97,"column":65}},"42":{"start":{"line":98,"column":8},"end":{"line":98,"column":24}},"43":{"start":{"line":101,"column":8},"end":{"line":101,"column":25}},"44":{"start":{"line":102,"column":8},"end":{"line":102,"column":27}},"45":{"start":{"line":106,"column":25},"end":{"line":170,"column":1}},"46":{"start":{"line":107,"column":4},"end":{"line":169,"column":5}},"47":{"start":{"line":108,"column":31},"end":{"line":108,"column":82}},"48":{"start":{"line":109,"column":8},"end":{"line":113,"column":9}},"49":{"start":{"line":110,"column":12},"end":{"line":112,"column":13}},"50":{"start":{"line":115,"column":23},"end":{"line":115,"column":47}},"51":{"start":{"line":116,"column":23},"end":{"line":116,"column":33}},"52":{"start":{"line":117,"column":8},"end":{"line":121,"column":9}},"53":{"start":{"line":118,"column":12},"end":{"line":120,"column":13}},"54":{"start":{"line":123,"column":8},"end":{"line":129,"column":9}},"55":{"start":{"line":124,"column":12},"end":{"line":124,"column":48}},"56":{"start":{"line":126,"column":12},"end":{"line":128,"column":13}},"57":{"start":{"line":132,"column":8},"end":{"line":136,"column":10}},"58":{"start":{"line":139,"column":8},"end":{"line":143,"column":10}},"59":{"start":{"line":145,"column":25},"end":{"line":151,"column":9}},"60":{"start":{"line":153,"column":44},"end":{"line":159,"column":9}},"61":{"start":{"line":161,"column":8},"end":{"line":162,"column":134}},"62":{"start":{"line":164,"column":8},"end":{"line":164,"column":24}},"63":{"start":{"line":167,"column":8},"end":{"line":167,"column":25}},"64":{"start":{"line":168,"column":8},"end":{"line":168,"column":27}},"65":{"start":{"line":172,"column":0},"end":{"line":172,"column":101}}},"fnMap":{"0":{"name":"(anonymous_0)","decl":{"start":{"line":6,"column":21},"end":{"line":6,"column":22}},"loc":{"start":{"line":6,"column":45},"end":{"line":65,"column":1}},"line":6},"1":{"name":"(anonymous_1)","decl":{"start":{"line":67,"column":21},"end":{"line":67,"column":22}},"loc":{"start":{"line":67,"column":36},"end":{"line":82,"column":1}},"line":67},"2":{"name":"(anonymous_2)","decl":{"start":{"line":84,"column":22},"end":{"line":84,"column":23}},"loc":{"start":{"line":84,"column":32},"end":{"line":93,"column":1}},"line":84},"3":{"name":"(anonymous_3)","decl":{"start":{"line":95,"column":30},"end":{"line":95,"column":31}},"loc":{"start":{"line":95,"column":44},"end":{"line":104,"column":1}},"line":95},"4":{"name":"(anonymous_4)","decl":{"start":{"line":106,"column":25},"end":{"line":106,"column":26}},"loc":{"start":{"line":106,"column":72},"end":{"line":170,"column":1}},"line":106}},"branchMap":{"0":{"loc":{"start":{"line":8,"column":35},"end":{"line":8,"column":120}},"type":"cond-expr","locations":[{"start":{"line":8,"column":52},"end":{"line":8,"column":113}},{"start":{"line":8,"column":116},"end":{"line":8,"column":120}}],"line":8},"1":{"loc":{"start":{"line":9,"column":8},"end":{"line":15,"column":9}},"type":"if","locations":[{"start":{"line":9,"column":8},"end":{"line":15,"column":9}},{"start":{},"end":{}}],"line":9},"2":{"loc":{"start":{"line":27,"column":8},"end":{"line":59,"column":9}},"type":"if","locations":[{"start":{"line":27,"column":8},"end":{"line":59,"column":9}},{"start":{"line":55,"column":12},"end":{"line":59,"column":9}}],"line":27},"3":{"loc":{"start":{"line":30,"column":12},"end":{"line":34,"column":13}},"type":"if","locations":[{"start":{"line":30,"column":12},"end":{"line":34,"column":13}},{"start":{},"end":{}}],"line":30},"4":{"loc":{"start":{"line":35,"column":12},"end":{"line":42,"column":13}},"type":"if","locations":[{"start":{"line":35,"column":12},"end":{"line":42,"column":13}},{"start":{},"end":{}}],"line":35},"5":{"loc":{"start":{"line":37,"column":16},"end":{"line":41,"column":17}},"type":"if","locations":[{"start":{"line":37,"column":16},"end":{"line":41,"column":17}},{"start":{},"end":{}}],"line":37},"6":{"loc":{"start":{"line":70,"column":8},"end":{"line":74,"column":9}},"type":"if","locations":[{"start":{"line":70,"column":8},"end":{"line":74,"column":9}},{"start":{},"end":{}}],"line":70},"7":{"loc":{"start":{"line":109,"column":8},"end":{"line":113,"column":9}},"type":"if","locations":[{"start":{"line":109,"column":8},"end":{"line":113,"column":9}},{"start":{},"end":{}}],"line":109},"8":{"loc":{"start":{"line":109,"column":11},"end":{"line":109,"column":50}},"type":"binary-expr","locations":[{"start":{"line":109,"column":11},"end":{"line":109,"column":26}},{"start":{"line":109,"column":30},"end":{"line":109,"column":50}}],"line":109},"9":{"loc":{"start":{"line":117,"column":8},"end":{"line":121,"column":9}},"type":"if","locations":[{"start":{"line":117,"column":8},"end":{"line":121,"column":9}},{"start":{},"end":{}}],"line":117},"10":{"loc":{"start":{"line":123,"column":8},"end":{"line":129,"column":9}},"type":"if","locations":[{"start":{"line":123,"column":8},"end":{"line":129,"column":9}},{"start":{"line":125,"column":13},"end":{"line":129,"column":9}}],"line":123},"11":{"loc":{"start":{"line":123,"column":11},"end":{"line":123,"column":80}},"type":"binary-expr","locations":[{"start":{"line":123,"column":11},"end":{"line":123,"column":28}},{"start":{"line":123,"column":32},"end":{"line":123,"column":80}}],"line":123}},"s":{"0":1,"1":1,"2":1,"3":1,"4":1,"5":0,"6":0,"7":0,"8":0,"9":0,"10":0,"11":0,"12":0,"13":0,"14":0,"15":0,"16":0,"17":0,"18":0,"19":0,"20":0,"21":0,"22":0,"23":0,"24":0,"25":1,"26":0,"27":0,"28":0,"29":0,"30":0,"31":0,"32":0,"33":1,"34":0,"35":0,"36":0,"37":0,"38":0,"39":1,"40":0,"41":0,"42":0,"43":0,"44":0,"45":1,"46":0,"47":0,"48":0,"49":0,"50":0,"51":0,"52":0,"53":0,"54":0,"55":0,"56":0,"57":0,"58":0,"59":0,"60":0,"61":0,"62":0,"63":0,"64":0,"65":1},"f":{"0":0,"1":0,"2":0,"3":0,"4":0},"b":{"0":[0,0],"1":[0,0],"2":[0,0],"3":[0,0],"4":[0,0],"5":[0,0],"6":[0,0],"7":[0,0],"8":[0,0],"9":[0,0],"10":[0,0],"11":[0,0]},"_coverageSchema":"1a1c01bbd47fc00a2c39e90264f33305004495a9","hash":"1937decf55003256bd90219e49fa940adabe2bcf"}
,"C:\\Users\\Administrator\\Desktop\\FSD\\CRMApp\\services\\user.service.js": {"path":"C:\\Users\\Administrator\\Desktop\\FSD\\CRMApp\\services\\user.service.js","statementMap":{"0":{"start":{"line":1,"column":15},"end":{"line":1,"column":32}},"1":{"start":{"line":2,"column":13},"end":{"line":2,"column":44}},"2":{"start":{"line":3,"column":15},"end":{"line":3,"column":48}},"3":{"start":{"line":4,"column":22},"end":{"line":4,"column":59}},"4":{"start":{"line":6,"column":19},"end":{"line":23,"column":1}},"5":{"start":{"line":7,"column":21},"end":{"line":7,"column":23}},"6":{"start":{"line":8,"column":4},"end":{"line":22,"column":5}},"7":{"start":{"line":9,"column":24},"end":{"line":15,"column":9}},"8":{"start":{"line":16,"column":8},"end":{"line":16,"column":51}},"9":{"start":{"line":17,"column":8},"end":{"line":17,"column":24}},"10":{"start":{"line":19,"column":8},"end":{"line":19,"column":36}},"11":{"start":{"line":20,"column":8},"end":{"line":20,"column":37}},"12":{"start":{"line":21,"column":8},"end":{"line":21,"column":24}},"13":{"start":{"line":25,"column":19},"end":{"line":45,"column":1}},"14":{"start":{"line":26,"column":21},"end":{"line":26,"column":23}},"15":{"start":{"line":27,"column":4},"end":{"line":44,"column":5}},"16":{"start":{"line":28,"column":25},"end":{"line":28,"column":64}},"17":{"start":{"line":29,"column":8},"end":{"line":38,"column":9}},"18":{"start":{"line":30,"column":12},"end":{"line":30,"column":45}},"19":{"start":{"line":32,"column":27},"end":{"line":32,"column":79}},"20":{"start":{"line":33,"column":12},"end":{"line":37,"column":13}},"21":{"start":{"line":34,"column":16},"end":{"line":34,"column":40}},"22":{"start":{"line":36,"column":16},"end":{"line":36,"column":52}},"23":{"start":{"line":39,"column":8},"end":{"line":39,"column":24}},"24":{"start":{"line":41,"column":8},"end":{"line":41,"column":36}},"25":{"start":{"line":42,"column":8},"end":{"line":42,"column":37}},"26":{"start":{"line":43,"column":8},"end":{"line":43,"column":24}},"27":{"start":{"line":47,"column":26},"end":{"line":66,"column":1}},"28":{"start":{"line":48,"column":4},"end":{"line":65,"column":5}},"29":{"start":{"line":50,"column":22},"end":{"line":50,"column":48}},"30":{"start":{"line":51,"column":8},"end":{"line":51,"column":58}},"31":{"start":{"line":52,"column":8},"end":{"line":60,"column":9}},"32":{"start":{"line":53,"column":12},"end":{"line":55,"column":14}},"33":{"start":{"line":57,"column":12},"end":{"line":59,"column":13}},"34":{"start":{"line":63,"column":8},"end":{"line":63,"column":25}},"35":{"start":{"line":64,"column":8},"end":{"line":64,"column":27}},"36":{"start":{"line":68,"column":23},"end":{"line":77,"column":1}},"37":{"start":{"line":69,"column":4},"end":{"line":76,"column":5}},"38":{"start":{"line":70,"column":22},"end":{"line":70,"column":61}},"39":{"start":{"line":71,"column":8},"end":{"line":71,"column":24}},"40":{"start":{"line":74,"column":8},"end":{"line":74,"column":25}},"41":{"start":{"line":75,"column":8},"end":{"line":75,"column":27}},"42":{"start":{"line":79,"column":24},"end":{"line":88,"column":1}},"43":{"start":{"line":80,"column":4},"end":{"line":87,"column":5}},"44":{"start":{"line":81,"column":22},"end":{"line":81,"column":60}},"45":{"start":{"line":82,"column":8},"end":{"line":82,"column":24}},"46":{"start":{"line":85,"column":8},"end":{"line":85,"column":25}},"47":{"start":{"line":86,"column":8},"end":{"line":86,"column":27}},"48":{"start":{"line":90,"column":20},"end":{"line":99,"column":1}},"49":{"start":{"line":91,"column":4},"end":{"line":98,"column":5}},"50":{"start":{"line":92,"column":23},"end":{"line":92,"column":40}},"51":{"start":{"line":93,"column":8},"end":{"line":93,"column":25}},"52":{"start":{"line":96,"column":8},"end":{"line":96,"column":25}},"53":{"start":{"line":97,"column":8},"end":{"line":97,"column":27}},"54":{"start":{"line":101,"column":24},"end":{"line":133,"column":1}},"55":{"start":{"line":102,"column":4},"end":{"line":132,"column":5}},"56":{"start":{"line":104,"column":8},"end":{"line":109,"column":9}},"57":{"start":{"line":105,"column":12},"end":{"line":107,"column":13}},"58":{"start":{"line":108,"column":12},"end":{"line":108,"column":26}},"59":{"start":{"line":111,"column":8},"end":{"line":126,"column":9}},"60":{"start":{"line":113,"column":12},"end":{"line":113,"column":94}},"61":{"start":{"line":114,"column":12},"end":{"line":114,"column":59}},"62":{"start":{"line":116,"column":13},"end":{"line":126,"column":9}},"63":{"start":{"line":118,"column":12},"end":{"line":118,"column":95}},"64":{"start":{"line":119,"column":12},"end":{"line":119,"column":60}},"65":{"start":{"line":123,"column":12},"end":{"line":125,"column":13}},"66":{"start":{"line":127,"column":8},"end":{"line":127,"column":22}},"67":{"start":{"line":130,"column":8},"end":{"line":130,"column":25}},"68":{"start":{"line":131,"column":8},"end":{"line":131,"column":27}},"69":{"start":{"line":135,"column":25},"end":{"line":151,"column":1}},"70":{"start":{"line":136,"column":4},"end":{"line":150,"column":5}},"71":{"start":{"line":137,"column":25},"end":{"line":137,"column":62}},"72":{"start":{"line":138,"column":8},"end":{"line":145,"column":9}},"73":{"start":{"line":139,"column":12},"end":{"line":139,"column":28}},"74":{"start":{"line":142,"column":12},"end":{"line":144,"column":13}},"75":{"start":{"line":148,"column":8},"end":{"line":148,"column":25}},"76":{"start":{"line":149,"column":8},"end":{"line":149,"column":27}},"77":{"start":{"line":153,"column":34},"end":{"line":170,"column":1}},"78":{"start":{"line":154,"column":4},"end":{"line":169,"column":5}},"79":{"start":{"line":155,"column":32},"end":{"line":155,"column":64}},"80":{"start":{"line":156,"column":8},"end":{"line":160,"column":9}},"81":{"start":{"line":157,"column":12},"end":{"line":159,"column":13}},"82":{"start":{"line":161,"column":25},"end":{"line":164,"column":9}},"83":{"start":{"line":165,"column":8},"end":{"line":165,"column":24}},"84":{"start":{"line":167,"column":8},"end":{"line":167,"column":25}},"85":{"start":{"line":168,"column":8},"end":{"line":168,"column":27}},"86":{"start":{"line":172,"column":32},"end":{"line":190,"column":1}},"87":{"start":{"line":173,"column":4},"end":{"line":189,"column":5}},"88":{"start":{"line":174,"column":32},"end":{"line":174,"column":64}},"89":{"start":{"line":175,"column":8},"end":{"line":175,"column":64}},"90":{"start":{"line":176,"column":8},"end":{"line":180,"column":9}},"91":{"start":{"line":177,"column":12},"end":{"line":179,"column":13}},"92":{"start":{"line":181,"column":25},"end":{"line":184,"column":9}},"93":{"start":{"line":185,"column":8},"end":{"line":185,"column":24}},"94":{"start":{"line":187,"column":8},"end":{"line":187,"column":25}},"95":{"start":{"line":188,"column":8},"end":{"line":188,"column":27}},"96":{"start":{"line":192,"column":37},"end":{"line":210,"column":1}},"97":{"start":{"line":193,"column":4},"end":{"line":209,"column":5}},"98":{"start":{"line":194,"column":30},"end":{"line":194,"column":63}},"99":{"start":{"line":195,"column":7},"end":{"line":199,"column":9}},"100":{"start":{"line":196,"column":12},"end":{"line":198,"column":13}},"101":{"start":{"line":200,"column":24},"end":{"line":200,"column":26}},"102":{"start":{"line":201,"column":8},"end":{"line":204,"column":9}},"103":{"start":{"line":202,"column":28},"end":{"line":202,"column":65}},"104":{"start":{"line":203,"column":11},"end":{"line":203,"column":31}},"105":{"start":{"line":205,"column":8},"end":{"line":205,"column":23}},"106":{"start":{"line":207,"column":8},"end":{"line":207,"column":25}},"107":{"start":{"line":208,"column":8},"end":{"line":208,"column":27}},"108":{"start":{"line":212,"column":0},"end":{"line":217,"column":50}}},"fnMap":{"0":{"name":"(anonymous_0)","decl":{"start":{"line":6,"column":19},"end":{"line":6,"column":20}},"loc":{"start":{"line":6,"column":33},"end":{"line":23,"column":1}},"line":6},"1":{"name":"(anonymous_1)","decl":{"start":{"line":25,"column":19},"end":{"line":25,"column":20}},"loc":{"start":{"line":25,"column":33},"end":{"line":45,"column":1}},"line":25},"2":{"name":"(anonymous_2)","decl":{"start":{"line":47,"column":26},"end":{"line":47,"column":27}},"loc":{"start":{"line":47,"column":40},"end":{"line":66,"column":1}},"line":47},"3":{"name":"(anonymous_3)","decl":{"start":{"line":68,"column":23},"end":{"line":68,"column":24}},"loc":{"start":{"line":68,"column":38},"end":{"line":77,"column":1}},"line":68},"4":{"name":"(anonymous_4)","decl":{"start":{"line":79,"column":24},"end":{"line":79,"column":25}},"loc":{"start":{"line":79,"column":39},"end":{"line":88,"column":1}},"line":79},"5":{"name":"(anonymous_5)","decl":{"start":{"line":90,"column":20},"end":{"line":90,"column":21}},"loc":{"start":{"line":90,"column":31},"end":{"line":99,"column":1}},"line":90},"6":{"name":"(anonymous_6)","decl":{"start":{"line":101,"column":24},"end":{"line":101,"column":25}},"loc":{"start":{"line":101,"column":38},"end":{"line":133,"column":1}},"line":101},"7":{"name":"(anonymous_7)","decl":{"start":{"line":135,"column":25},"end":{"line":135,"column":26}},"loc":{"start":{"line":135,"column":43},"end":{"line":151,"column":1}},"line":135},"8":{"name":"(anonymous_8)","decl":{"start":{"line":153,"column":34},"end":{"line":153,"column":35}},"loc":{"start":{"line":153,"column":63},"end":{"line":170,"column":1}},"line":153},"9":{"name":"(anonymous_9)","decl":{"start":{"line":172,"column":32},"end":{"line":172,"column":33}},"loc":{"start":{"line":172,"column":61},"end":{"line":190,"column":1}},"line":172},"10":{"name":"(anonymous_10)","decl":{"start":{"line":192,"column":37},"end":{"line":192,"column":38}},"loc":{"start":{"line":192,"column":55},"end":{"line":210,"column":1}},"line":192}},"branchMap":{"0":{"loc":{"start":{"line":29,"column":8},"end":{"line":38,"column":9}},"type":"if","locations":[{"start":{"line":29,"column":8},"end":{"line":38,"column":9}},{"start":{"line":31,"column":13},"end":{"line":38,"column":9}}],"line":29},"1":{"loc":{"start":{"line":33,"column":12},"end":{"line":37,"column":13}},"type":"if","locations":[{"start":{"line":33,"column":12},"end":{"line":37,"column":13}},{"start":{"line":35,"column":17},"end":{"line":37,"column":13}}],"line":33},"2":{"loc":{"start":{"line":52,"column":8},"end":{"line":60,"column":9}},"type":"if","locations":[{"start":{"line":52,"column":8},"end":{"line":60,"column":9}},{"start":{"line":56,"column":13},"end":{"line":60,"column":9}}],"line":52},"3":{"loc":{"start":{"line":52,"column":11},"end":{"line":52,"column":57}},"type":"binary-expr","locations":[{"start":{"line":52,"column":11},"end":{"line":52,"column":19}},{"start":{"line":52,"column":23},"end":{"line":52,"column":57}}],"line":52},"4":{"loc":{"start":{"line":104,"column":8},"end":{"line":109,"column":9}},"type":"if","locations":[{"start":{"line":104,"column":8},"end":{"line":109,"column":9}},{"start":{},"end":{}}],"line":104},"5":{"loc":{"start":{"line":111,"column":8},"end":{"line":126,"column":9}},"type":"if","locations":[{"start":{"line":111,"column":8},"end":{"line":126,"column":9}},{"start":{"line":116,"column":13},"end":{"line":126,"column":9}}],"line":111},"6":{"loc":{"start":{"line":116,"column":13},"end":{"line":126,"column":9}},"type":"if","locations":[{"start":{"line":116,"column":13},"end":{"line":126,"column":9}},{"start":{"line":121,"column":12},"end":{"line":126,"column":9}}],"line":116},"7":{"loc":{"start":{"line":138,"column":8},"end":{"line":145,"column":9}},"type":"if","locations":[{"start":{"line":138,"column":8},"end":{"line":145,"column":9}},{"start":{"line":141,"column":12},"end":{"line":145,"column":9}}],"line":138},"8":{"loc":{"start":{"line":156,"column":8},"end":{"line":160,"column":9}},"type":"if","locations":[{"start":{"line":156,"column":8},"end":{"line":160,"column":9}},{"start":{},"end":{}}],"line":156},"9":{"loc":{"start":{"line":156,"column":11},"end":{"line":156,"column":52}},"type":"binary-expr","locations":[{"start":{"line":156,"column":11},"end":{"line":156,"column":27}},{"start":{"line":156,"column":31},"end":{"line":156,"column":52}}],"line":156},"10":{"loc":{"start":{"line":176,"column":8},"end":{"line":180,"column":9}},"type":"if","locations":[{"start":{"line":176,"column":8},"end":{"line":180,"column":9}},{"start":{},"end":{}}],"line":176},"11":{"loc":{"start":{"line":176,"column":11},"end":{"line":176,"column":52}},"type":"binary-expr","locations":[{"start":{"line":176,"column":11},"end":{"line":176,"column":27}},{"start":{"line":176,"column":31},"end":{"line":176,"column":52}}],"line":176},"12":{"loc":{"start":{"line":195,"column":7},"end":{"line":199,"column":9}},"type":"if","locations":[{"start":{"line":195,"column":7},"end":{"line":199,"column":9}},{"start":{},"end":{}}],"line":195},"13":{"loc":{"start":{"line":195,"column":10},"end":{"line":195,"column":47}},"type":"binary-expr","locations":[{"start":{"line":195,"column":10},"end":{"line":195,"column":24}},{"start":{"line":195,"column":28},"end":{"line":195,"column":47}}],"line":195}},"s":{"0":3,"1":3,"2":3,"3":3,"4":3,"5":6,"6":6,"7":6,"8":6,"9":4,"10":2,"11":2,"12":2,"13":3,"14":3,"15":3,"16":3,"17":3,"18":1,"19":2,"20":2,"21":1,"22":1,"23":3,"24":0,"25":0,"26":0,"27":3,"28":0,"29":0,"30":0,"31":0,"32":0,"33":0,"34":0,"35":0,"36":3,"37":0,"38":0,"39":0,"40":0,"41":0,"42":3,"43":0,"44":0,"45":0,"46":0,"47":0,"48":3,"49":0,"50":0,"51":0,"52":0,"53":0,"54":3,"55":0,"56":0,"57":0,"58":0,"59":0,"60":0,"61":0,"62":0,"63":0,"64":0,"65":0,"66":0,"67":0,"68":0,"69":3,"70":0,"71":0,"72":0,"73":0,"74":0,"75":0,"76":0,"77":3,"78":0,"79":0,"80":0,"81":0,"82":0,"83":0,"84":0,"85":0,"86":3,"87":0,"88":0,"89":0,"90":0,"91":0,"92":0,"93":0,"94":0,"95":0,"96":3,"97":0,"98":0,"99":0,"100":0,"101":0,"102":0,"103":0,"104":0,"105":0,"106":0,"107":0,"108":3},"f":{"0":6,"1":3,"2":0,"3":0,"4":0,"5":0,"6":0,"7":0,"8":0,"9":0,"10":0},"b":{"0":[1,2],"1":[1,1],"2":[0,0],"3":[0,0],"4":[0,0],"5":[0,0],"6":[0,0],"7":[0,0],"8":[0,0],"9":[0,0],"10":[0,0],"11":[0,0],"12":[0,0],"13":[0,0]},"_coverageSchema":"1a1c01bbd47fc00a2c39e90264f33305004495a9","hash":"1713ab564cba65829ad63ca1eb82eec8f36f150d"}
,"C:\\Users\\Administrator\\Desktop\\FSD\\CRMApp\\tests\\testUtils\\db.js": {"path":"C:\\Users\\Administrator\\Desktop\\FSD\\CRMApp\\tests\\testUtils\\db.js","statementMap":{"0":{"start":{"line":1,"column":17},"end":{"line":1,"column":36}},"1":{"start":{"line":2,"column":29},"end":{"line":2,"column":61}},"2":{"start":{"line":6,"column":0},"end":{"line":12,"column":1}},"3":{"start":{"line":8,"column":4},"end":{"line":8,"column":46}},"4":{"start":{"line":9,"column":16},"end":{"line":9,"column":31}},"5":{"start":{"line":11,"column":4},"end":{"line":11,"column":26}},"6":{"start":{"line":15,"column":0},"end":{"line":24,"column":1}},"7":{"start":{"line":17,"column":4},"end":{"line":17,"column":45}},"8":{"start":{"line":20,"column":4},"end":{"line":20,"column":38}},"9":{"start":{"line":23,"column":4},"end":{"line":23,"column":24}},"10":{"start":{"line":27,"column":0},"end":{"line":37,"column":1}},"11":{"start":{"line":29,"column":24},"end":{"line":29,"column":55}},"12":{"start":{"line":31,"column":4},"end":{"line":36,"column":5}},"13":{"start":{"line":33,"column":27},"end":{"line":33,"column":43}}},"fnMap":{"0":{"name":"(anonymous_0)","decl":{"start":{"line":6,"column":25},"end":{"line":6,"column":26}},"loc":{"start":{"line":6,"column":35},"end":{"line":12,"column":1}},"line":6},"1":{"name":"(anonymous_1)","decl":{"start":{"line":15,"column":31},"end":{"line":15,"column":32}},"loc":{"start":{"line":15,"column":41},"end":{"line":24,"column":1}},"line":15},"2":{"name":"(anonymous_2)","decl":{"start":{"line":27,"column":31},"end":{"line":27,"column":32}},"loc":{"start":{"line":27,"column":36},"end":{"line":37,"column":1}},"line":27}},"branchMap":{},"s":{"0":3,"1":3,"2":3,"3":2,"4":2,"5":2,"6":3,"7":2,"8":2,"9":2,"10":3,"11":9,"12":9,"13":18},"f":{"0":2,"1":2,"2":9},"b":{},"_coverageSchema":"1a1c01bbd47fc00a2c39e90264f33305004495a9","hash":"554b7f60c5e679e66229c6ab8ec231d73563e298"}
,"C:\\Users\\Administrator\\Desktop\\FSD\\CRMApp\\tests\\testUtils\\interceptor.js": {"path":"C:\\Users\\Administrator\\Desktop\\FSD\\CRMApp\\tests\\testUtils\\interceptor.js","statementMap":{"0":{"start":{"line":1,"column":20},"end":{"line":6,"column":1}},"1":{"start":{"line":2,"column":16},"end":{"line":2,"column":18}},"2":{"start":{"line":3,"column":4},"end":{"line":3,"column":18}},"3":{"start":{"line":4,"column":4},"end":{"line":4,"column":20}},"4":{"start":{"line":5,"column":4},"end":{"line":5,"column":15}},"5":{"start":{"line":9,"column":21},"end":{"line":14,"column":1}},"6":{"start":{"line":10,"column":16},"end":{"line":10,"column":18}},"7":{"start":{"line":11,"column":4},"end":{"line":11,"column":82}},"8":{"start":{"line":12,"column":4},"end":{"line":12,"column":45}},"9":{"start":{"line":13,"column":4},"end":{"line":13,"column":15}},"10":{"start":{"line":17,"column":0},"end":{"line":17,"column":45}}},"fnMap":{"0":{"name":"(anonymous_0)","decl":{"start":{"line":1,"column":20},"end":{"line":1,"column":21}},"loc":{"start":{"line":1,"column":26},"end":{"line":6,"column":1}},"line":1},"1":{"name":"(anonymous_1)","decl":{"start":{"line":9,"column":21},"end":{"line":9,"column":22}},"loc":{"start":{"line":9,"column":27},"end":{"line":14,"column":1}},"line":9}},"branchMap":{},"s":{"0":2,"1":10,"2":10,"3":10,"4":10,"5":2,"6":10,"7":10,"8":10,"9":10,"10":2},"f":{"0":10,"1":10},"b":{},"_coverageSchema":"1a1c01bbd47fc00a2c39e90264f33305004495a9","hash":"51ad63f4f28d098afbae72a2fe7e97230cb4c3e4"}
}
